13:37:19  [main] 	Initializing Control Panel
13:37:19  [main] 	Windows Version:  Enterprise  64-bit
13:37:19  [main] 	XAMPP Version: 7.2.10
13:37:19  [main] 	Control Panel Version: 3.2.2  [ Compiled: Nov 12th 2015 ]
13:37:19  [main] 	You are not running with administrator rights! This will work for
13:37:19  [main] 	most application stuff but whenever you do something with services
13:37:19  [main] 	there will be a security dialogue or things will break! So think 
13:37:19  [main] 	about running this application with administrator rights!
13:37:19  [main] 	XAMPP Installation Directory: "d:\xampp2\"
13:37:19  [main] 	Checking for prerequisites
13:37:19  [main] 	All prerequisites found
13:37:19  [main] 	Initializing Modules
13:37:19  [main] 	The Tomcat module is disabled
13:37:19  [main] 	Starting Check-Timer
13:37:19  [main] 	Control Panel Ready
13:37:21  [Apache] 	Attempting to start Apache app...
13:37:22  [Apache] 	Status change detected: running
13:37:49  [mysql] 	Attempting to start MySQL app...
13:37:49  [mysql] 	Status change detected: running
13:43:44  [main] 	Deinitializing Modules
13:43:44  [main] 	Deinitializing Control Panel

13:43:50  [main] 	Initializing Control Panel
13:43:50  [main] 	Windows Version:  Enterprise  64-bit
13:43:50  [main] 	XAMPP Version: 7.2.10
13:43:50  [main] 	Control Panel Version: 3.2.2  [ Compiled: Nov 12th 2015 ]
13:43:50  [main] 	You are not running with administrator rights! This will work for
13:43:50  [main] 	most application stuff but whenever you do something with services
13:43:50  [main] 	there will be a security dialogue or things will break! So think 
13:43:50  [main] 	about running this application with administrator rights!
13:43:50  [main] 	XAMPP Installation Directory: "d:\xampp2\"
13:43:50  [main] 	Checking for prerequisites
13:43:50  [main] 	All prerequisites found
13:43:50  [main] 	Initializing Modules
13:43:50  [Apache] 	XAMPP Apache is already running on port 80
13:43:50  [Apache] 	XAMPP Apache is already running on port 443
13:43:51  [mysql] 	XAMPP MySQL is already running on port 3306
13:43:51  [main] 	The Tomcat module is disabled
13:43:51  [main] 	Starting Check-Timer
13:43:51  [main] 	Control Panel Ready
13:43:52  [mysql] 	Attempting to stop MySQL app...
13:43:54  [mysql] 	Status change detected: stopped
13:43:54  [Apache] 	Attempting to stop Apache (PID: 10256)
13:43:54  [Apache] 	Attempting to stop Apache (PID: 6852)
13:43:54  [Apache] 	Status change detected: stopped
13:43:56  [main] 	Deinitializing Modules
13:43:56  [main] 	Deinitializing Control Panel

10:03:41  [main] 	Initializing Control Panel
10:03:41  [main] 	Windows Version:  Enterprise  64-bit
10:03:41  [main] 	XAMPP Version: 7.2.10
10:03:41  [main] 	Control Panel Version: 3.2.2  [ Compiled: Nov 12th 2015 ]
10:03:41  [main] 	You are not running with administrator rights! This will work for
10:03:41  [main] 	most application stuff but whenever you do something with services
10:03:41  [main] 	there will be a security dialogue or things will break! So think 
10:03:41  [main] 	about running this application with administrator rights!
10:03:42  [main] 	XAMPP Installation Directory: "d:\xampp2\"
10:03:42  [main] 	Checking for prerequisites
10:03:42  [main] 	All prerequisites found
10:03:42  [main] 	Initializing Modules
10:03:42  [Tomcat] 	Problem detected: Tomcat Not Found!
10:03:42  [Tomcat] 	Disabling Tomcat buttons
10:03:42  [Tomcat] 	Run this program from your XAMPP root directory!
10:03:42  [main] 	Starting Check-Timer
10:03:42  [main] 	Control Panel Ready
10:03:46  [Apache] 	Status change detected: running
10:04:04  [mysql] 	Status change detected: running
12:33:01  [mysql] 	Status change detected: stopped
12:33:01  [mysql] 	Error: MySQL shutdown unexpectedly.
12:33:01  [mysql] 	This may be due to a blocked port, missing dependencies, 
12:33:01  [mysql] 	improper privileges, a crash, or a shutdown by another method.
12:33:01  [mysql] 	Press the Logs button to view error logs and check
12:33:01  [mysql] 	the Windows Event Viewer for more clues
12:33:01  [mysql] 	If you need more help, copy and post this
12:33:01  [mysql] 	entire log window on the forums
12:33:04  [Apache] 	Status change detected: stopped
12:33:04  [Apache] 	Error: Apache shutdown unexpectedly.
12:33:04  [Apache] 	This may be due to a blocked port, missing dependencies, 
12:33:04  [Apache] 	improper privileges, a crash, or a shutdown by another method.
12:33:04  [Apache] 	Press the Logs button to view error logs and check
12:33:04  [Apache] 	the Windows Event Viewer for more clues
12:33:04  [Apache] 	If you need more help, copy and post this
12:33:04  [Apache] 	entire log window on the forums
12:33:13  [main] 	Deinitializing Modules
12:33:13  [main] 	Deinitializing Control Panel

10:03:43  [main] 	Initializing Control Panel
10:03:43  [main] 	Windows Version:  Enterprise  64-bit
10:03:43  [main] 	XAMPP Version: 7.2.10
10:03:43  [main] 	Control Panel Version: 3.2.2  [ Compiled: Nov 12th 2015 ]
10:03:43  [main] 	You are not running with administrator rights! This will work for
10:03:43  [main] 	most application stuff but whenever you do something with services
10:03:43  [main] 	there will be a security dialogue or things will break! So think 
10:03:43  [main] 	about running this application with administrator rights!
10:03:43  [main] 	XAMPP Installation Directory: "d:\xampp2\"
10:03:43  [main] 	Checking for prerequisites
10:03:43  [main] 	All prerequisites found
10:03:43  [main] 	Initializing Modules
10:03:43  [Tomcat] 	Problem detected: Tomcat Not Found!
10:03:43  [Tomcat] 	Disabling Tomcat buttons
10:03:43  [Tomcat] 	Run this program from your XAMPP root directory!
10:03:43  [main] 	Starting Check-Timer
10:03:43  [main] 	Control Panel Ready
10:03:46  [Apache] 	Attempting to start Apache app...
10:03:46  [Apache] 	Status change detected: running
10:04:03  [mysql] 	Attempting to start MySQL app...
10:04:04  [mysql] 	Status change detected: running
12:32:59  [mysql] 	Attempting to stop MySQL app...
12:33:01  [mysql] 	Status change detected: stopped
12:33:03  [Apache] 	Attempting to stop Apache (PID: 13632)
12:33:03  [Apache] 	Attempting to stop Apache (PID: 8348)
12:33:03  [Apache] 	Status change detected: stopped
12:33:14  [main] 	Deinitializing Modules
12:33:14  [main] 	Deinitializing Control Panel

13:06:09  [main] 	Initializing Control Panel
13:06:09  [main] 	Windows Version:  Enterprise  64-bit
13:06:09  [main] 	XAMPP Version: 7.2.10
13:06:09  [main] 	Control Panel Version: 3.2.2  [ Compiled: Nov 12th 2015 ]
13:06:09  [main] 	You are not running with administrator rights! This will work for
13:06:09  [main] 	most application stuff but whenever you do something with services
13:06:09  [main] 	there will be a security dialogue or things will break! So think 
13:06:09  [main] 	about running this application with administrator rights!
13:06:09  [main] 	XAMPP Installation Directory: "d:\xampp2\"
13:06:09  [main] 	Checking for prerequisites
13:06:09  [main] 	All prerequisites found
13:06:09  [main] 	Initializing Modules
13:06:09  [Tomcat] 	Problem detected: Tomcat Not Found!
13:06:09  [Tomcat] 	Disabling Tomcat buttons
13:06:10  [Tomcat] 	Run this program from your XAMPP root directory!
13:06:10  [main] 	Starting Check-Timer
13:06:10  [main] 	Control Panel Ready
13:06:11  [Apache] 	Attempting to start Apache app...
13:06:12  [Apache] 	Status change detected: running
13:06:14  [mysql] 	Attempting to start MySQL app...
13:06:14  [mysql] 	Status change detected: running
14:54:59  [mysql] 	Attempting to stop MySQL app...
14:54:59  [mysql] 	Status change detected: stopped
14:54:59  [Apache] 	Attempting to stop Apache (PID: 12592)
14:54:59  [Apache] 	Attempting to stop Apache (PID: 12608)
14:55:00  [Apache] 	Status change detected: stopped
14:56:04  [main] 	Deinitializing Modules
14:56:04  [main] 	Deinitializing Control Panel

08:30:12  [main] 	Initializing Control Panel
08:30:12  [main] 	Windows Version:  Enterprise  64-bit
08:30:12  [main] 	XAMPP Version: 7.2.10
08:30:12  [main] 	Control Panel Version: 3.2.2  [ Compiled: Nov 12th 2015 ]
08:30:12  [main] 	You are not running with administrator rights! This will work for
08:30:12  [main] 	most application stuff but whenever you do something with services
08:30:12  [main] 	there will be a security dialogue or things will break! So think 
08:30:12  [main] 	about running this application with administrator rights!
08:30:12  [main] 	XAMPP Installation Directory: "d:\xampp2\"
08:30:12  [main] 	Checking for prerequisites
08:30:13  [main] 	All prerequisites found
08:30:13  [main] 	Initializing Modules
08:30:13  [Tomcat] 	Problem detected: Tomcat Not Found!
08:30:13  [Tomcat] 	Disabling Tomcat buttons
08:30:13  [Tomcat] 	Run this program from your XAMPP root directory!
08:30:13  [main] 	Starting Check-Timer
08:30:13  [main] 	Control Panel Ready
08:30:15  [Apache] 	Attempting to start Apache app...
08:30:15  [Apache] 	Status change detected: running
08:30:15  [mysql] 	Attempting to start MySQL app...
08:30:18  [mysql] 	Status change detected: running
09:35:55  [mysql] 	Attempting to stop MySQL app...
09:36:15  [Apache] 	Attempting to stop Apache (PID: 3992)
09:36:15  [Apache] 	Attempting to stop Apache (PID: 4724)
09:36:15  [Apache] 	Status change detected: stopped
09:36:15  [mysql] 	Status change detected: stopped
09:37:03  [main] 	Deinitializing Modules
09:37:03  [main] 	Deinitializing Control Panel

09:43:38  [main] 	Initializing Control Panel
09:43:38  [main] 	Windows Version:  Enterprise  64-bit
09:43:38  [main] 	XAMPP Version: 7.2.10
09:43:38  [main] 	Control Panel Version: 3.2.2  [ Compiled: Nov 12th 2015 ]
09:43:38  [main] 	You are not running with administrator rights! This will work for
09:43:38  [main] 	most application stuff but whenever you do something with services
09:43:38  [main] 	there will be a security dialogue or things will break! So think 
09:43:38  [main] 	about running this application with administrator rights!
09:43:38  [main] 	XAMPP Installation Directory: "d:\xampp2\"
09:43:38  [main] 	Checking for prerequisites
09:43:38  [main] 	All prerequisites found
09:43:38  [main] 	Initializing Modules
09:43:38  [Tomcat] 	Problem detected: Tomcat Not Found!
09:43:38  [Tomcat] 	Disabling Tomcat buttons
09:43:38  [Tomcat] 	Run this program from your XAMPP root directory!
09:43:38  [main] 	Starting Check-Timer
09:43:39  [main] 	Control Panel Ready
09:43:42  [Apache] 	Attempting to start Apache app...
09:43:42  [Apache] 	Status change detected: running
09:43:48  [Apache] 	Attempting to stop Apache (PID: 14764)
09:43:48  [Apache] 	Attempting to stop Apache (PID: 15724)
09:43:48  [Apache] 	Status change detected: stopped
09:43:52  [main] 	Deinitializing Modules
09:43:52  [main] 	Deinitializing Control Panel

09:43:56  [main] 	Initializing Control Panel
09:43:56  [main] 	Windows Version:  Enterprise  64-bit
09:43:56  [main] 	XAMPP Version: 7.2.10
09:43:56  [main] 	Control Panel Version: 3.2.2  [ Compiled: Nov 12th 2015 ]
09:43:56  [main] 	Running with Administrator rights - good!
09:43:56  [main] 	XAMPP Installation Directory: "d:\xampp2\"
09:43:56  [main] 	Checking for prerequisites
09:43:56  [main] 	All prerequisites found
09:43:56  [main] 	Initializing Modules
09:43:56  [Tomcat] 	Problem detected: Tomcat Not Found!
09:43:56  [Tomcat] 	Disabling Tomcat buttons
09:43:56  [Tomcat] 	Run this program from your XAMPP root directory!
09:43:56  [main] 	Starting Check-Timer
09:43:56  [main] 	Control Panel Ready
09:43:58  [Apache] 	Attempting to start Apache app...
09:43:59  [Apache] 	Status change detected: running
09:44:09  [mysql] 	Attempting to start MySQL app...
09:44:09  [mysql] 	Status change detected: running
12:15:10  [mysql] 	Attempting to stop MySQL app...
12:15:11  [mysql] 	Status change detected: stopped
12:15:11  [Apache] 	Attempting to stop Apache (PID: 4780)
12:15:11  [Apache] 	Attempting to stop Apache (PID: 176)
12:15:11  [Apache] 	Status change detected: stopped
12:15:24  [main] 	Deinitializing Modules
12:15:24  [main] 	Deinitializing Control Panel

13:01:13  [main] 	Initializing Control Panel
13:01:13  [main] 	Windows Version:  Enterprise  64-bit
13:01:13  [main] 	XAMPP Version: 7.2.10
13:01:13  [main] 	Control Panel Version: 3.2.2  [ Compiled: Nov 12th 2015 ]
13:01:13  [main] 	You are not running with administrator rights! This will work for
13:01:13  [main] 	most application stuff but whenever you do something with services
13:01:13  [main] 	there will be a security dialogue or things will break! So think 
13:01:13  [main] 	about running this application with administrator rights!
13:01:13  [main] 	XAMPP Installation Directory: "e:\xampp2\"
13:01:13  [main] 	Checking for prerequisites
13:01:13  [main] 	All prerequisites found
13:01:13  [main] 	Initializing Modules
13:01:13  [Tomcat] 	Problem detected: Tomcat Not Found!
13:01:13  [Tomcat] 	Disabling Tomcat buttons
13:01:13  [Tomcat] 	Run this program from your XAMPP root directory!
13:01:13  [main] 	Starting Check-Timer
13:01:13  [main] 	Control Panel Ready
13:01:15  [Apache] 	Attempting to start Apache app...
13:01:15  [Apache] 	Status change detected: running
13:01:16  [mysql] 	Attempting to start MySQL app...
13:01:17  [Apache] 	Status change detected: stopped
13:01:17  [Apache] 	Error: Apache shutdown unexpectedly.
13:01:17  [Apache] 	This may be due to a blocked port, missing dependencies, 
13:01:17  [Apache] 	improper privileges, a crash, or a shutdown by another method.
13:01:17  [Apache] 	Press the Logs button to view error logs and check
13:01:17  [Apache] 	the Windows Event Viewer for more clues
13:01:17  [Apache] 	If you need more help, copy and post this
13:01:17  [Apache] 	entire log window on the forums
13:01:17  [mysql] 	Status change detected: running
13:01:17  [mysql] 	Status change detected: stopped
13:01:17  [mysql] 	Error: MySQL shutdown unexpectedly.
13:01:17  [mysql] 	This may be due to a blocked port, missing dependencies, 
13:01:17  [mysql] 	improper privileges, a crash, or a shutdown by another method.
13:01:17  [mysql] 	Press the Logs button to view error logs and check
13:01:17  [mysql] 	the Windows Event Viewer for more clues
13:01:17  [mysql] 	If you need more help, copy and post this
13:01:17  [mysql] 	entire log window on the forums
13:01:37  [Apache] 	Attempting to start Apache app...
13:01:38  [Apache] 	Status change detected: running
13:01:38  [Apache] 	Status change detected: stopped
13:01:38  [Apache] 	Error: Apache shutdown unexpectedly.
13:01:38  [Apache] 	This may be due to a blocked port, missing dependencies, 
13:01:38  [Apache] 	improper privileges, a crash, or a shutdown by another method.
13:01:38  [Apache] 	Press the Logs button to view error logs and check
13:01:38  [Apache] 	the Windows Event Viewer for more clues
13:01:38  [Apache] 	If you need more help, copy and post this
13:01:38  [Apache] 	entire log window on the forums
13:01:40  [mysql] 	Attempting to start MySQL app...
13:11:28  [Apache] 	Status change detected: running
13:11:35  [mysql] 	Status change detected: running
14:48:16  [main] 	Deinitializing Modules
14:48:16  [main] 	Deinitializing Control Panel

13:11:26  [main] 	Initializing Control Panel
13:11:26  [main] 	Windows Version:  Enterprise  64-bit
13:11:26  [main] 	XAMPP Version: 7.2.10
13:11:26  [main] 	Control Panel Version: 3.2.2  [ Compiled: Nov 12th 2015 ]
13:11:26  [main] 	You are not running with administrator rights! This will work for
13:11:26  [main] 	most application stuff but whenever you do something with services
13:11:26  [main] 	there will be a security dialogue or things will break! So think 
13:11:26  [main] 	about running this application with administrator rights!
13:11:26  [main] 	XAMPP Installation Directory: "e:\xampp2\"
13:11:26  [main] 	Checking for prerequisites
13:11:26  [main] 	All prerequisites found
13:11:26  [main] 	Initializing Modules
13:11:26  [Tomcat] 	Problem detected: Tomcat Not Found!
13:11:26  [Tomcat] 	Disabling Tomcat buttons
13:11:26  [Tomcat] 	Run this program from your XAMPP root directory!
13:11:26  [main] 	Starting Check-Timer
13:11:26  [main] 	Control Panel Ready
13:11:28  [Apache] 	Attempting to start Apache app...
13:11:28  [Apache] 	Status change detected: running
13:11:34  [mysql] 	Attempting to start MySQL app...
13:11:35  [mysql] 	Status change detected: running
14:48:19  [Apache] 	Attempting to stop Apache (PID: 15100)
14:48:19  [Apache] 	Attempting to stop Apache (PID: 2664)
14:48:19  [Apache] 	Status change detected: stopped
14:48:19  [mysql] 	Attempting to stop MySQL app...
14:48:20  [mysql] 	Status change detected: stopped
14:48:26  [main] 	Deinitializing Modules
14:48:26  [main] 	Deinitializing Control Panel

14:52:35  [main] 	Initializing Control Panel
14:52:35  [main] 	Windows Version:  Enterprise  64-bit
14:52:35  [main] 	XAMPP Version: 7.2.10
14:52:35  [main] 	Control Panel Version: 3.2.2  [ Compiled: Nov 12th 2015 ]
14:52:35  [main] 	You are not running with administrator rights! This will work for
14:52:35  [main] 	most application stuff but whenever you do something with services
14:52:35  [main] 	there will be a security dialogue or things will break! So think 
14:52:35  [main] 	about running this application with administrator rights!
14:52:35  [main] 	XAMPP Installation Directory: "e:\xampp2\"
14:52:35  [main] 	Checking for prerequisites
14:52:35  [main] 	All prerequisites found
14:52:35  [main] 	Initializing Modules
14:52:35  [Apache] 	Problem detected!
14:52:35  [Apache] 	Port 80 in use by "D:\xampp2\apache\bin\httpd.exe" with PID 1052!
14:52:35  [Apache] 	Apache WILL NOT start without the configured ports free!
14:52:35  [Apache] 	You need to uninstall/disable/reconfigure the blocking application
14:52:35  [Apache] 	or reconfigure Apache and the Control Panel to listen on a different port
14:52:35  [Apache] 	Problem detected!
14:52:35  [Apache] 	Port 443 in use by "D:\xampp2\apache\bin\httpd.exe" with PID 1052!
14:52:35  [Apache] 	Apache WILL NOT start without the configured ports free!
14:52:35  [Apache] 	You need to uninstall/disable/reconfigure the blocking application
14:52:35  [Apache] 	or reconfigure Apache and the Control Panel to listen on a different port
14:52:36  [mysql] 	Problem detected!
14:52:36  [mysql] 	Port 3306 in use by "D:\xampp2\mysql\bin\mysqld.exe"!
14:52:36  [mysql] 	MySQL WILL NOT start without the configured ports free!
14:52:36  [mysql] 	You need to uninstall/disable/reconfigure the blocking application
14:52:36  [mysql] 	or reconfigure MySQL and the Control Panel to listen on a different port
14:52:36  [Tomcat] 	Problem detected: Tomcat Not Found!
14:52:36  [Tomcat] 	Disabling Tomcat buttons
14:52:36  [Tomcat] 	Run this program from your XAMPP root directory!
14:52:36  [main] 	Starting Check-Timer
14:52:36  [main] 	Control Panel Ready
14:53:02  [main] 	Deinitializing Modules
14:53:02  [main] 	Deinitializing Control Panel

14:53:18  [main] 	Initializing Control Panel
14:53:18  [main] 	Windows Version:  Enterprise  64-bit
14:53:18  [main] 	XAMPP Version: 7.2.10
14:53:18  [main] 	Control Panel Version: 3.2.2  [ Compiled: Nov 12th 2015 ]
14:53:18  [main] 	You are not running with administrator rights! This will work for
14:53:18  [main] 	most application stuff but whenever you do something with services
14:53:18  [main] 	there will be a security dialogue or things will break! So think 
14:53:18  [main] 	about running this application with administrator rights!
14:53:18  [main] 	XAMPP Installation Directory: "e:\xampp2\"
14:53:18  [main] 	Checking for prerequisites
14:53:18  [main] 	All prerequisites found
14:53:18  [main] 	Initializing Modules
14:53:18  [Tomcat] 	Problem detected: Tomcat Not Found!
14:53:18  [Tomcat] 	Disabling Tomcat buttons
14:53:18  [Tomcat] 	Run this program from your XAMPP root directory!
14:53:18  [main] 	Starting Check-Timer
14:53:18  [main] 	Control Panel Ready
14:53:20  [Apache] 	Attempting to start Apache app...
14:53:21  [Apache] 	Status change detected: running
14:53:21  [mysql] 	Attempting to start MySQL app...
14:53:22  [mysql] 	Status change detected: running
14:54:39  [Apache] 	Attempting to stop Apache (PID: 11676)
14:54:39  [Apache] 	Attempting to stop Apache (PID: 15644)
14:54:39  [Apache] 	Status change detected: stopped
14:54:40  [mysql] 	Attempting to stop MySQL app...
14:54:40  [mysql] 	Status change detected: stopped
14:54:45  [main] 	Deinitializing Modules
14:54:45  [main] 	Deinitializing Control Panel

15:38:18  [main] 	Initializing Control Panel
15:38:18  [main] 	Windows Version:  Enterprise  64-bit
15:38:18  [main] 	XAMPP Version: 7.2.10
15:38:18  [main] 	Control Panel Version: 3.2.2  [ Compiled: Nov 12th 2015 ]
15:38:18  [main] 	You are not running with administrator rights! This will work for
15:38:18  [main] 	most application stuff but whenever you do something with services
15:38:18  [main] 	there will be a security dialogue or things will break! So think 
15:38:18  [main] 	about running this application with administrator rights!
15:38:18  [main] 	XAMPP Installation Directory: "d:\xampp2\"
15:38:18  [main] 	Checking for prerequisites
15:38:18  [main] 	All prerequisites found
15:38:18  [main] 	Initializing Modules
15:38:18  [Tomcat] 	Problem detected: Tomcat Not Found!
15:38:18  [Tomcat] 	Disabling Tomcat buttons
15:38:18  [Tomcat] 	Run this program from your XAMPP root directory!
15:38:18  [main] 	Starting Check-Timer
15:38:18  [main] 	Control Panel Ready
15:38:22  [Apache] 	Attempting to start Apache app...
15:38:22  [Apache] 	Status change detected: running
15:38:23  [mysql] 	Attempting to start MySQL app...
15:38:25  [mysql] 	Status change detected: running
16:10:24  [mysql] 	Attempting to stop MySQL app...
16:10:24  [mysql] 	Status change detected: stopped
16:10:25  [Apache] 	Attempting to stop Apache (PID: 9496)
16:10:25  [Apache] 	Attempting to stop Apache (PID: 8340)
16:10:25  [Apache] 	Status change detected: stopped
16:10:33  [main] 	Deinitializing Modules
16:10:33  [main] 	Deinitializing Control Panel

15:36:36  [main] 	Initializing Control Panel
15:36:36  [main] 	Windows Version:  Enterprise  64-bit
15:36:36  [main] 	XAMPP Version: 7.2.10
15:36:36  [main] 	Control Panel Version: 3.2.2  [ Compiled: Nov 12th 2015 ]
15:36:36  [main] 	You are not running with administrator rights! This will work for
15:36:36  [main] 	most application stuff but whenever you do something with services
15:36:36  [main] 	there will be a security dialogue or things will break! So think 
15:36:36  [main] 	about running this application with administrator rights!
15:36:36  [main] 	XAMPP Installation Directory: "d:\xampp2\"
15:36:36  [main] 	Checking for prerequisites
15:36:37  [main] 	All prerequisites found
15:36:37  [main] 	Initializing Modules
15:36:37  [Tomcat] 	Problem detected: Tomcat Not Found!
15:36:37  [Tomcat] 	Disabling Tomcat buttons
15:36:37  [Tomcat] 	Run this program from your XAMPP root directory!
15:36:37  [main] 	Starting Check-Timer
15:36:37  [main] 	Control Panel Ready
15:36:39  [Apache] 	Attempting to start Apache app...
15:36:39  [Apache] 	Status change detected: running
15:36:40  [Apache] 	Status change detected: stopped
15:36:40  [Apache] 	Error: Apache shutdown unexpectedly.
15:36:40  [Apache] 	This may be due to a blocked port, missing dependencies, 
15:36:40  [Apache] 	improper privileges, a crash, or a shutdown by another method.
15:36:40  [Apache] 	Press the Logs button to view error logs and check
15:36:40  [Apache] 	the Windows Event Viewer for more clues
15:36:40  [Apache] 	If you need more help, copy and post this
15:36:40  [Apache] 	entire log window on the forums
15:38:22  [Apache] 	Status change detected: running
15:38:25  [mysql] 	Status change detected: running
16:10:24  [mysql] 	Status change detected: stopped
16:10:24  [mysql] 	Error: MySQL shutdown unexpectedly.
16:10:24  [mysql] 	This may be due to a blocked port, missing dependencies, 
16:10:24  [mysql] 	improper privileges, a crash, or a shutdown by another method.
16:10:24  [mysql] 	Press the Logs button to view error logs and check
16:10:24  [mysql] 	the Windows Event Viewer for more clues
16:10:24  [mysql] 	If you need more help, copy and post this
16:10:24  [mysql] 	entire log window on the forums
16:10:25  [Apache] 	Status change detected: stopped
16:10:25  [Apache] 	Error: Apache shutdown unexpectedly.
16:10:25  [Apache] 	This may be due to a blocked port, missing dependencies, 
16:10:25  [Apache] 	improper privileges, a crash, or a shutdown by another method.
16:10:25  [Apache] 	Press the Logs button to view error logs and check
16:10:25  [Apache] 	the Windows Event Viewer for more clues
16:10:25  [Apache] 	If you need more help, copy and post this
16:10:25  [Apache] 	entire log window on the forums
16:10:35  [main] 	Deinitializing Modules
16:10:35  [main] 	Deinitializing Control Panel

14:03:32  [main] 	Initializing Control Panel
14:03:32  [main] 	Windows Version:  Enterprise  64-bit
14:03:32  [main] 	XAMPP Version: 7.2.10
14:03:32  [main] 	Control Panel Version: 3.2.2  [ Compiled: Nov 12th 2015 ]
14:03:32  [main] 	You are not running with administrator rights! This will work for
14:03:32  [main] 	most application stuff but whenever you do something with services
14:03:32  [main] 	there will be a security dialogue or things will break! So think 
14:03:32  [main] 	about running this application with administrator rights!
14:03:32  [main] 	XAMPP Installation Directory: "f:\xampp2\"
14:03:32  [main] 	Checking for prerequisites
14:03:32  [main] 	All prerequisites found
14:03:32  [main] 	Initializing Modules
14:03:32  [Tomcat] 	Problem detected: Tomcat Not Found!
14:03:32  [Tomcat] 	Disabling Tomcat buttons
14:03:32  [Tomcat] 	Run this program from your XAMPP root directory!
14:03:32  [main] 	Starting Check-Timer
14:03:32  [main] 	Control Panel Ready
14:03:34  [Apache] 	Attempting to start Apache app...
14:03:34  [Apache] 	Status change detected: running
14:03:35  [Apache] 	Status change detected: stopped
14:03:35  [Apache] 	Error: Apache shutdown unexpectedly.
14:03:35  [Apache] 	This may be due to a blocked port, missing dependencies, 
14:03:35  [Apache] 	improper privileges, a crash, or a shutdown by another method.
14:03:35  [Apache] 	Press the Logs button to view error logs and check
14:03:35  [Apache] 	the Windows Event Viewer for more clues
14:03:35  [Apache] 	If you need more help, copy and post this
14:03:35  [Apache] 	entire log window on the forums
14:03:41  [main] 	Deinitializing Modules
14:03:41  [main] 	Deinitializing Control Panel

14:02:49  [main] 	Initializing Control Panel
14:02:49  [main] 	Windows Version:  Enterprise  64-bit
14:02:49  [main] 	XAMPP Version: 7.2.10
14:02:49  [main] 	Control Panel Version: 3.2.2  [ Compiled: Nov 12th 2015 ]
14:02:49  [main] 	You are not running with administrator rights! This will work for
14:02:49  [main] 	most application stuff but whenever you do something with services
14:02:49  [main] 	there will be a security dialogue or things will break! So think 
14:02:49  [main] 	about running this application with administrator rights!
14:02:49  [main] 	XAMPP Installation Directory: "f:\xampp2\"
14:02:49  [main] 	Checking for prerequisites
14:02:50  [main] 	All prerequisites found
14:02:50  [main] 	Initializing Modules
14:02:50  [Tomcat] 	Problem detected: Tomcat Not Found!
14:02:50  [Tomcat] 	Disabling Tomcat buttons
14:02:50  [Tomcat] 	Run this program from your XAMPP root directory!
14:02:50  [main] 	Starting Check-Timer
14:02:50  [main] 	Control Panel Ready
14:02:53  [Apache] 	Attempting to start Apache app...
14:02:54  [Apache] 	Status change detected: running
14:02:55  [mysql] 	Attempting to start MySQL app...
14:02:55  [Apache] 	Status change detected: stopped
14:02:55  [Apache] 	Error: Apache shutdown unexpectedly.
14:02:55  [Apache] 	This may be due to a blocked port, missing dependencies, 
14:02:55  [Apache] 	improper privileges, a crash, or a shutdown by another method.
14:02:55  [Apache] 	Press the Logs button to view error logs and check
14:02:55  [Apache] 	the Windows Event Viewer for more clues
14:02:55  [Apache] 	If you need more help, copy and post this
14:02:55  [Apache] 	entire log window on the forums
14:02:55  [mysql] 	Status change detected: running
14:02:56  [mysql] 	Status change detected: stopped
14:02:56  [mysql] 	Error: MySQL shutdown unexpectedly.
14:02:56  [mysql] 	This may be due to a blocked port, missing dependencies, 
14:02:56  [mysql] 	improper privileges, a crash, or a shutdown by another method.
14:02:56  [mysql] 	Press the Logs button to view error logs and check
14:02:56  [mysql] 	the Windows Event Viewer for more clues
14:02:56  [mysql] 	If you need more help, copy and post this
14:02:56  [mysql] 	entire log window on the forums
14:03:34  [Apache] 	Status change detected: running
14:03:34  [Apache] 	Status change detected: stopped
14:03:34  [Apache] 	Error: Apache shutdown unexpectedly.
14:03:34  [Apache] 	This may be due to a blocked port, missing dependencies, 
14:03:34  [Apache] 	improper privileges, a crash, or a shutdown by another method.
14:03:34  [Apache] 	Press the Logs button to view error logs and check
14:03:34  [Apache] 	the Windows Event Viewer for more clues
14:03:34  [Apache] 	If you need more help, copy and post this
14:03:34  [Apache] 	entire log window on the forums
14:03:42  [main] 	Deinitializing Modules
14:03:42  [main] 	Deinitializing Control Panel

14:03:44  [main] 	Initializing Control Panel
14:03:44  [main] 	Windows Version:  Enterprise  64-bit
14:03:44  [main] 	XAMPP Version: 7.2.10
14:03:44  [main] 	Control Panel Version: 3.2.2  [ Compiled: Nov 12th 2015 ]
14:03:44  [main] 	You are not running with administrator rights! This will work for
14:03:44  [main] 	most application stuff but whenever you do something with services
14:03:44  [main] 	there will be a security dialogue or things will break! So think 
14:03:44  [main] 	about running this application with administrator rights!
14:03:44  [main] 	XAMPP Installation Directory: "f:\xampp2\"
14:03:44  [main] 	Checking for prerequisites
14:03:44  [main] 	All prerequisites found
14:03:44  [main] 	Initializing Modules
14:03:44  [Tomcat] 	Problem detected: Tomcat Not Found!
14:03:44  [Tomcat] 	Disabling Tomcat buttons
14:03:44  [Tomcat] 	Run this program from your XAMPP root directory!
14:03:44  [main] 	Starting Check-Timer
14:03:44  [main] 	Control Panel Ready
14:03:48  [main] 	Deinitializing Modules
14:03:48  [main] 	Deinitializing Control Panel

14:04:32  [main] 	Initializing Control Panel
14:04:32  [main] 	Windows Version:  Enterprise  64-bit
14:04:32  [main] 	XAMPP Version: 7.2.10
14:04:32  [main] 	Control Panel Version: 3.2.2  [ Compiled: Nov 12th 2015 ]
14:04:32  [main] 	You are not running with administrator rights! This will work for
14:04:32  [main] 	most application stuff but whenever you do something with services
14:04:32  [main] 	there will be a security dialogue or things will break! So think 
14:04:32  [main] 	about running this application with administrator rights!
14:04:32  [main] 	XAMPP Installation Directory: "f:\xampp2\"
14:04:32  [main] 	Checking for prerequisites
14:04:32  [main] 	All prerequisites found
14:04:32  [main] 	Initializing Modules
14:04:32  [Tomcat] 	Problem detected: Tomcat Not Found!
14:04:32  [Tomcat] 	Disabling Tomcat buttons
14:04:32  [Tomcat] 	Run this program from your XAMPP root directory!
14:04:32  [main] 	Starting Check-Timer
14:04:32  [main] 	Control Panel Ready
14:04:34  [Apache] 	Attempting to start Apache app...
14:04:34  [Apache] 	Status change detected: running
14:04:36  [mysql] 	Attempting to start MySQL app...
14:04:36  [mysql] 	Status change detected: running
14:29:35  [mysql] 	Attempting to stop MySQL app...
14:29:37  [mysql] 	Status change detected: stopped
14:29:37  [Apache] 	Attempting to stop Apache (PID: 8392)
14:29:37  [Apache] 	Attempting to stop Apache (PID: 2460)
14:29:37  [Apache] 	Status change detected: stopped
14:29:39  [main] 	Deinitializing Modules
14:29:39  [main] 	Deinitializing Control Panel

13:18:30  [main] 	Initializing Control Panel
13:18:30  [main] 	Windows Version:  Enterprise  64-bit
13:18:30  [main] 	XAMPP Version: 7.2.10
13:18:30  [main] 	Control Panel Version: 3.2.2  [ Compiled: Nov 12th 2015 ]
13:18:30  [main] 	You are not running with administrator rights! This will work for
13:18:30  [main] 	most application stuff but whenever you do something with services
13:18:30  [main] 	there will be a security dialogue or things will break! So think 
13:18:30  [main] 	about running this application with administrator rights!
13:18:30  [main] 	XAMPP Installation Directory: "d:\xampp2\"
13:18:30  [main] 	Checking for prerequisites
13:18:31  [main] 	All prerequisites found
13:18:31  [main] 	Initializing Modules
13:18:31  [Tomcat] 	Problem detected: Tomcat Not Found!
13:18:31  [Tomcat] 	Disabling Tomcat buttons
13:18:31  [Tomcat] 	Run this program from your XAMPP root directory!
13:18:31  [main] 	Starting Check-Timer
13:18:31  [main] 	Control Panel Ready
13:19:20  [main] 	Deinitializing Modules
13:19:20  [main] 	Deinitializing Control Panel

13:18:40  [main] 	Initializing Control Panel
13:18:40  [main] 	Windows Version:  Enterprise  64-bit
13:18:40  [main] 	XAMPP Version: 7.2.10
13:18:40  [main] 	Control Panel Version: 3.2.2  [ Compiled: Nov 12th 2015 ]
13:18:40  [main] 	You are not running with administrator rights! This will work for
13:18:40  [main] 	most application stuff but whenever you do something with services
13:18:40  [main] 	there will be a security dialogue or things will break! So think 
13:18:40  [main] 	about running this application with administrator rights!
13:18:40  [main] 	XAMPP Installation Directory: "d:\xampp2\"
13:18:40  [main] 	Checking for prerequisites
13:18:40  [main] 	All prerequisites found
13:18:40  [main] 	Initializing Modules
13:18:40  [Tomcat] 	Problem detected: Tomcat Not Found!
13:18:40  [Tomcat] 	Disabling Tomcat buttons
13:18:40  [Tomcat] 	Run this program from your XAMPP root directory!
13:18:40  [main] 	Starting Check-Timer
13:18:40  [main] 	Control Panel Ready
13:19:24  [Apache] 	Attempting to start Apache app...
13:19:24  [Apache] 	Status change detected: running
13:19:28  [main] 	Deinitializing Modules
13:19:28  [main] 	Deinitializing Control Panel

13:20:38  [main] 	Initializing Control Panel
13:20:38  [main] 	Windows Version:  Enterprise  64-bit
13:20:38  [main] 	XAMPP Version: 7.2.10
13:20:38  [main] 	Control Panel Version: 3.2.2  [ Compiled: Nov 12th 2015 ]
13:20:38  [main] 	You are not running with administrator rights! This will work for
13:20:38  [main] 	most application stuff but whenever you do something with services
13:20:38  [main] 	there will be a security dialogue or things will break! So think 
13:20:38  [main] 	about running this application with administrator rights!
13:20:38  [main] 	XAMPP Installation Directory: "d:\xampp2\"
13:20:38  [main] 	Checking for prerequisites
13:20:38  [main] 	All prerequisites found
13:20:38  [main] 	Initializing Modules
13:20:38  [Apache] 	XAMPP Apache is already running on port 80
13:20:38  [Apache] 	XAMPP Apache is already running on port 443
13:20:38  [Tomcat] 	Problem detected: Tomcat Not Found!
13:20:38  [Tomcat] 	Disabling Tomcat buttons
13:20:38  [Tomcat] 	Run this program from your XAMPP root directory!
13:20:38  [main] 	Starting Check-Timer
13:20:38  [main] 	Control Panel Ready
13:23:21  [main] 	Deinitializing Modules
13:23:21  [main] 	Deinitializing Control Panel

13:19:34  [main] 	Initializing Control Panel
13:19:34  [main] 	Windows Version:  Enterprise  64-bit
13:19:34  [main] 	XAMPP Version: 7.2.10
13:19:34  [main] 	Control Panel Version: 3.2.2  [ Compiled: Nov 12th 2015 ]
13:19:34  [main] 	You are not running with administrator rights! This will work for
13:19:34  [main] 	most application stuff but whenever you do something with services
13:19:34  [main] 	there will be a security dialogue or things will break! So think 
13:19:34  [main] 	about running this application with administrator rights!
13:19:34  [main] 	XAMPP Installation Directory: "d:\xampp2\"
13:19:34  [main] 	Checking for prerequisites
13:19:35  [main] 	All prerequisites found
13:19:35  [main] 	Initializing Modules
13:19:35  [Apache] 	XAMPP Apache is already running on port 80
13:19:35  [Apache] 	XAMPP Apache is already running on port 443
13:19:35  [Tomcat] 	Problem detected: Tomcat Not Found!
13:19:35  [Tomcat] 	Disabling Tomcat buttons
13:19:35  [Tomcat] 	Run this program from your XAMPP root directory!
13:19:35  [main] 	Starting Check-Timer
13:19:35  [main] 	Control Panel Ready
13:23:24  [mysql] 	Attempting to start MySQL app...
13:23:24  [mysql] 	Status change detected: running
14:38:32  [Apache] 	Status change detected: stopped
14:38:32  [Apache] 	Error: Apache shutdown unexpectedly.
14:38:32  [Apache] 	This may be due to a blocked port, missing dependencies, 
14:38:32  [Apache] 	improper privileges, a crash, or a shutdown by another method.
14:38:32  [Apache] 	Press the Logs button to view error logs and check
14:38:32  [Apache] 	the Windows Event Viewer for more clues
14:38:32  [Apache] 	If you need more help, copy and post this
14:38:32  [Apache] 	entire log window on the forums
14:38:37  [mysql] 	Status change detected: stopped
14:38:37  [mysql] 	Error: MySQL shutdown unexpectedly.
14:38:37  [mysql] 	This may be due to a blocked port, missing dependencies, 
14:38:37  [mysql] 	improper privileges, a crash, or a shutdown by another method.
14:38:37  [mysql] 	Press the Logs button to view error logs and check
14:38:37  [mysql] 	the Windows Event Viewer for more clues
14:38:37  [mysql] 	If you need more help, copy and post this
14:38:37  [mysql] 	entire log window on the forums
14:38:40  [main] 	Deinitializing Modules
14:38:40  [main] 	Deinitializing Control Panel

13:21:30  [main] 	Initializing Control Panel
13:21:30  [main] 	Windows Version:  Enterprise  64-bit
13:21:30  [main] 	XAMPP Version: 7.2.10
13:21:30  [main] 	Control Panel Version: 3.2.2  [ Compiled: Nov 12th 2015 ]
13:21:30  [main] 	You are not running with administrator rights! This will work for
13:21:30  [main] 	most application stuff but whenever you do something with services
13:21:30  [main] 	there will be a security dialogue or things will break! So think 
13:21:30  [main] 	about running this application with administrator rights!
13:21:30  [main] 	XAMPP Installation Directory: "d:\xampp2\"
13:21:30  [main] 	Checking for prerequisites
13:21:30  [main] 	All prerequisites found
13:21:30  [main] 	Initializing Modules
13:21:30  [Tomcat] 	Problem detected: Tomcat Not Found!
13:21:30  [Tomcat] 	Disabling Tomcat buttons
13:21:30  [Tomcat] 	Run this program from your XAMPP root directory!
13:21:30  [main] 	Starting Check-Timer
13:21:30  [main] 	Control Panel Ready
13:21:55  [main] 	Deinitializing Modules
13:21:55  [main] 	Deinitializing Control Panel

13:21:59  [main] 	Initializing Control Panel
13:21:59  [main] 	Windows Version:  Enterprise  64-bit
13:21:59  [main] 	XAMPP Version: 7.2.10
13:21:59  [main] 	Control Panel Version: 3.2.2  [ Compiled: Nov 12th 2015 ]
13:21:59  [main] 	You are not running with administrator rights! This will work for
13:21:59  [main] 	most application stuff but whenever you do something with services
13:21:59  [main] 	there will be a security dialogue or things will break! So think 
13:21:59  [main] 	about running this application with administrator rights!
13:21:59  [main] 	XAMPP Installation Directory: "d:\xampp2\"
13:21:59  [main] 	Checking for prerequisites
13:21:59  [main] 	All prerequisites found
13:21:59  [main] 	Initializing Modules
13:21:59  [Tomcat] 	Problem detected: Tomcat Not Found!
13:21:59  [Tomcat] 	Disabling Tomcat buttons
13:21:59  [Tomcat] 	Run this program from your XAMPP root directory!
13:21:59  [main] 	Starting Check-Timer
13:21:59  [main] 	Control Panel Ready
13:22:10  [main] 	Deinitializing Modules
13:22:10  [main] 	Deinitializing Control Panel

13:22:17  [main] 	Initializing Control Panel
13:22:17  [main] 	Windows Version:  Enterprise  64-bit
13:22:17  [main] 	XAMPP Version: 7.2.10
13:22:17  [main] 	Control Panel Version: 3.2.2  [ Compiled: Nov 12th 2015 ]
13:22:17  [main] 	You are not running with administrator rights! This will work for
13:22:17  [main] 	most application stuff but whenever you do something with services
13:22:17  [main] 	there will be a security dialogue or things will break! So think 
13:22:17  [main] 	about running this application with administrator rights!
13:22:17  [main] 	XAMPP Installation Directory: "d:\xampp2\"
13:22:17  [main] 	Checking for prerequisites
13:22:17  [main] 	All prerequisites found
13:22:17  [main] 	Initializing Modules
13:22:17  [Tomcat] 	Problem detected: Tomcat Not Found!
13:22:17  [Tomcat] 	Disabling Tomcat buttons
13:22:17  [Tomcat] 	Run this program from your XAMPP root directory!
13:22:17  [main] 	Starting Check-Timer
13:22:17  [main] 	Control Panel Ready
13:22:36  [Apache] 	Attempting to start Apache app...
13:22:37  [Apache] 	Status change detected: running
13:22:44  [mysql] 	Attempting to start MySQL app...
13:22:53  [mysql] 	Status change detected: running
14:48:46  [Apache] 	Attempting to stop Apache (PID: 6108)
14:48:46  [Apache] 	Attempting to stop Apache (PID: 7008)
14:48:46  [Apache] 	Status change detected: stopped
14:48:50  [mysql] 	Attempting to stop MySQL app...
14:48:51  [mysql] 	Status change detected: stopped
14:48:53  [main] 	Deinitializing Modules
14:48:53  [main] 	Deinitializing Control Panel

16:53:03  [main] 	Initializing Control Panel
16:53:03  [main] 	Windows Version:  Enterprise  64-bit
16:53:03  [main] 	XAMPP Version: 7.2.10
16:53:03  [main] 	Control Panel Version: 3.2.2  [ Compiled: Nov 12th 2015 ]
16:53:03  [main] 	You are not running with administrator rights! This will work for
16:53:03  [main] 	most application stuff but whenever you do something with services
16:53:03  [main] 	there will be a security dialogue or things will break! So think 
16:53:03  [main] 	about running this application with administrator rights!
16:53:03  [main] 	XAMPP Installation Directory: "f:\xampp2\"
16:53:03  [main] 	Checking for prerequisites
16:53:03  [main] 	All prerequisites found
16:53:03  [main] 	Initializing Modules
16:53:03  [Tomcat] 	Problem detected: Tomcat Not Found!
16:53:03  [Tomcat] 	Disabling Tomcat buttons
16:53:03  [Tomcat] 	Run this program from your XAMPP root directory!
16:53:03  [main] 	Starting Check-Timer
16:53:03  [main] 	Control Panel Ready
16:53:10  [Apache] 	Attempting to start Apache app...
16:53:10  [Apache] 	Status change detected: running
16:53:24  [mysql] 	Attempting to start MySQL app...
16:53:25  [mysql] 	Status change detected: running
18:59:33  [mysql] 	Attempting to stop MySQL app...
18:59:33  [mysql] 	Status change detected: stopped
18:59:34  [Apache] 	Attempting to stop Apache (PID: 7256)
18:59:34  [Apache] 	Attempting to stop Apache (PID: 620)
18:59:35  [Apache] 	Status change detected: stopped
18:59:41  [main] 	Deinitializing Modules
18:59:41  [main] 	Deinitializing Control Panel

16:35:45  [main] 	Initializing Control Panel
16:35:45  [main] 	Windows Version:  Enterprise  64-bit
16:35:45  [main] 	XAMPP Version: 7.2.10
16:35:45  [main] 	Control Panel Version: 3.2.2  [ Compiled: Nov 12th 2015 ]
16:35:45  [main] 	You are not running with administrator rights! This will work for
16:35:45  [main] 	most application stuff but whenever you do something with services
16:35:45  [main] 	there will be a security dialogue or things will break! So think 
16:35:45  [main] 	about running this application with administrator rights!
16:35:45  [main] 	XAMPP Installation Directory: "f:\xampp2\"
16:35:45  [main] 	Checking for prerequisites
16:35:53  [main] 	All prerequisites found
16:35:53  [main] 	Initializing Modules
16:35:53  [Tomcat] 	Problem detected: Tomcat Not Found!
16:35:53  [Tomcat] 	Disabling Tomcat buttons
16:35:53  [Tomcat] 	Run this program from your XAMPP root directory!
16:35:53  [main] 	Starting Check-Timer
16:35:53  [main] 	Control Panel Ready
16:35:55  [Apache] 	Attempting to start Apache app...
16:35:55  [Apache] 	Status change detected: running
16:35:58  [mysql] 	Attempting to start MySQL app...
16:36:08  [mysql] 	Status change detected: running
20:36:47  [mysql] 	Attempting to stop MySQL app...
20:36:48  [mysql] 	Status change detected: stopped
20:36:49  [Apache] 	Attempting to stop Apache (PID: 2452)
20:36:49  [Apache] 	Attempting to stop Apache (PID: 3140)
20:36:50  [Apache] 	Status change detected: stopped
20:36:53  [main] 	Deinitializing Modules
20:36:53  [main] 	Deinitializing Control Panel

13:21:20  [main] 	Initializing Control Panel
13:21:20  [main] 	Windows Version:  Enterprise  64-bit
13:21:20  [main] 	XAMPP Version: 7.2.10
13:21:20  [main] 	Control Panel Version: 3.2.2  [ Compiled: Nov 12th 2015 ]
13:21:20  [main] 	You are not running with administrator rights! This will work for
13:21:20  [main] 	most application stuff but whenever you do something with services
13:21:20  [main] 	there will be a security dialogue or things will break! So think 
13:21:20  [main] 	about running this application with administrator rights!
13:21:20  [main] 	XAMPP Installation Directory: "d:\xampp2\"
13:21:20  [main] 	Checking for prerequisites
13:21:21  [main] 	All prerequisites found
13:21:21  [main] 	Initializing Modules
13:21:21  [Tomcat] 	Problem detected: Tomcat Not Found!
13:21:21  [Tomcat] 	Disabling Tomcat buttons
13:21:21  [Tomcat] 	Run this program from your XAMPP root directory!
13:21:21  [main] 	Starting Check-Timer
13:21:21  [main] 	Control Panel Ready
13:21:35  [Apache] 	Attempting to start Apache app...
13:21:35  [Apache] 	Status change detected: running
13:21:36  [Apache] 	Status change detected: stopped
13:21:36  [Apache] 	Error: Apache shutdown unexpectedly.
13:21:36  [Apache] 	This may be due to a blocked port, missing dependencies, 
13:21:36  [Apache] 	improper privileges, a crash, or a shutdown by another method.
13:21:36  [Apache] 	Press the Logs button to view error logs and check
13:21:36  [Apache] 	the Windows Event Viewer for more clues
13:21:36  [Apache] 	If you need more help, copy and post this
13:21:36  [Apache] 	entire log window on the forums
13:22:23  [Apache] 	Status change detected: running
13:22:44  [mysql] 	Status change detected: running
13:57:15  [mysql] 	Status change detected: stopped
13:57:15  [mysql] 	Error: MySQL shutdown unexpectedly.
13:57:15  [mysql] 	This may be due to a blocked port, missing dependencies, 
13:57:15  [mysql] 	improper privileges, a crash, or a shutdown by another method.
13:57:15  [mysql] 	Press the Logs button to view error logs and check
13:57:15  [mysql] 	the Windows Event Viewer for more clues
13:57:15  [mysql] 	If you need more help, copy and post this
13:57:15  [mysql] 	entire log window on the forums
13:57:16  [Apache] 	Status change detected: stopped
13:57:16  [Apache] 	Error: Apache shutdown unexpectedly.
13:57:16  [Apache] 	This may be due to a blocked port, missing dependencies, 
13:57:16  [Apache] 	improper privileges, a crash, or a shutdown by another method.
13:57:16  [Apache] 	Press the Logs button to view error logs and check
13:57:16  [Apache] 	the Windows Event Viewer for more clues
13:57:16  [Apache] 	If you need more help, copy and post this
13:57:16  [Apache] 	entire log window on the forums
13:57:51  [main] 	Deinitializing Modules
13:57:51  [main] 	Deinitializing Control Panel

13:22:22  [main] 	Initializing Control Panel
13:22:22  [main] 	Windows Version:  Enterprise  64-bit
13:22:22  [main] 	XAMPP Version: 7.2.10
13:22:22  [main] 	Control Panel Version: 3.2.2  [ Compiled: Nov 12th 2015 ]
13:22:22  [main] 	You are not running with administrator rights! This will work for
13:22:22  [main] 	most application stuff but whenever you do something with services
13:22:22  [main] 	there will be a security dialogue or things will break! So think 
13:22:22  [main] 	about running this application with administrator rights!
13:22:22  [main] 	XAMPP Installation Directory: "d:\xampp2\"
13:22:22  [main] 	Checking for prerequisites
13:22:22  [main] 	All prerequisites found
13:22:22  [main] 	Initializing Modules
13:22:22  [Tomcat] 	Problem detected: Tomcat Not Found!
13:22:22  [Tomcat] 	Disabling Tomcat buttons
13:22:22  [Tomcat] 	Run this program from your XAMPP root directory!
13:22:22  [main] 	Starting Check-Timer
13:22:22  [main] 	Control Panel Ready
13:22:23  [Apache] 	Attempting to start Apache app...
13:22:23  [Apache] 	Status change detected: running
13:22:32  [mysql] 	Attempting to start MySQL app...
13:22:42  [mysql] 	Status change detected: running
13:57:15  [mysql] 	Attempting to stop MySQL app...
13:57:16  [mysql] 	Status change detected: stopped
13:57:16  [Apache] 	Attempting to stop Apache (PID: 9116)
13:57:16  [Apache] 	Attempting to stop Apache (PID: 9200)
13:57:17  [Apache] 	Status change detected: stopped
13:57:53  [main] 	Deinitializing Modules
13:57:53  [main] 	Deinitializing Control Panel

09:17:30  [main] 	Initializing Control Panel
09:17:30  [main] 	Windows Version:  Enterprise  64-bit
09:17:30  [main] 	XAMPP Version: 7.2.10
09:17:30  [main] 	Control Panel Version: 3.2.2  [ Compiled: Nov 12th 2015 ]
09:17:30  [main] 	You are not running with administrator rights! This will work for
09:17:30  [main] 	most application stuff but whenever you do something with services
09:17:30  [main] 	there will be a security dialogue or things will break! So think 
09:17:30  [main] 	about running this application with administrator rights!
09:17:30  [main] 	XAMPP Installation Directory: "f:\xampp2\"
09:17:30  [main] 	Checking for prerequisites
09:17:32  [main] 	All prerequisites found
09:17:32  [main] 	Initializing Modules
09:17:32  [Tomcat] 	Problem detected: Tomcat Not Found!
09:17:32  [Tomcat] 	Disabling Tomcat buttons
09:17:32  [Tomcat] 	Run this program from your XAMPP root directory!
09:17:32  [main] 	Starting Check-Timer
09:17:32  [main] 	Control Panel Ready
09:17:42  [Apache] 	Attempting to start Apache app...
09:17:43  [Apache] 	Status change detected: running
09:17:44  [mysql] 	Attempting to start MySQL app...
09:17:45  [mysql] 	Status change detected: running
15:21:05  [mysql] 	Attempting to stop MySQL app...
15:21:07  [mysql] 	Status change detected: stopped
15:21:20  [Apache] 	Attempting to stop Apache (PID: 12792)
15:21:20  [Apache] 	Attempting to stop Apache (PID: 12864)
15:21:20  [Apache] 	Status change detected: stopped
23:00:23  [main] 	Deinitializing Modules
23:00:23  [main] 	Deinitializing Control Panel

13:32:32  [main] 	Initializing Control Panel
13:32:32  [main] 	Windows Version:  Enterprise  64-bit
13:32:32  [main] 	XAMPP Version: 7.2.10
13:32:32  [main] 	Control Panel Version: 3.2.2  [ Compiled: Nov 12th 2015 ]
13:32:32  [main] 	You are not running with administrator rights! This will work for
13:32:32  [main] 	most application stuff but whenever you do something with services
13:32:32  [main] 	there will be a security dialogue or things will break! So think 
13:32:32  [main] 	about running this application with administrator rights!
13:32:32  [main] 	XAMPP Installation Directory: "e:\xampp2\"
13:32:32  [main] 	Checking for prerequisites
13:33:04  [main] 	All prerequisites found
13:33:04  [main] 	Initializing Modules
13:33:04  [Tomcat] 	Problem detected: Tomcat Not Found!
13:33:04  [Tomcat] 	Disabling Tomcat buttons
13:33:04  [Tomcat] 	Run this program from your XAMPP root directory!
13:33:04  [main] 	Starting Check-Timer
13:33:04  [main] 	Control Panel Ready
13:33:14  [Apache] 	Attempting to start Apache app...
13:33:15  [Apache] 	Status change detected: running
13:33:16  [mysql] 	Attempting to start MySQL app...
13:33:17  [mysql] 	Status change detected: running
14:19:31  [mysql] 	Attempting to stop MySQL app...
14:19:33  [mysql] 	Status change detected: stopped
14:19:34  [Apache] 	Attempting to stop Apache (PID: 10784)
14:19:34  [Apache] 	Attempting to stop Apache (PID: 1112)
14:19:36  [Apache] 	Status change detected: stopped
14:19:53  [main] 	Deinitializing Modules
14:19:53  [main] 	Deinitializing Control Panel

12:00:25  [main] 	Initializing Control Panel
12:00:25  [main] 	Windows Version:  Enterprise  64-bit
12:00:25  [main] 	XAMPP Version: 7.2.10
12:00:25  [main] 	Control Panel Version: 3.2.2  [ Compiled: Nov 12th 2015 ]
12:00:25  [main] 	You are not running with administrator rights! This will work for
12:00:25  [main] 	most application stuff but whenever you do something with services
12:00:25  [main] 	there will be a security dialogue or things will break! So think 
12:00:25  [main] 	about running this application with administrator rights!
12:00:25  [main] 	XAMPP Installation Directory: "f:\xampp2\"
12:00:25  [main] 	Checking for prerequisites
12:00:46  [main] 	All prerequisites found
12:00:46  [main] 	Initializing Modules
12:00:46  [Tomcat] 	Problem detected: Tomcat Not Found!
12:00:46  [Tomcat] 	Disabling Tomcat buttons
12:00:46  [Tomcat] 	Run this program from your XAMPP root directory!
12:00:46  [main] 	Starting Check-Timer
12:00:46  [main] 	Control Panel Ready
12:00:49  [Apache] 	Attempting to start Apache app...
12:00:50  [Apache] 	Status change detected: running
12:00:51  [Apache] 	Status change detected: stopped
12:00:51  [Apache] 	Error: Apache shutdown unexpectedly.
12:00:51  [Apache] 	This may be due to a blocked port, missing dependencies, 
12:00:51  [Apache] 	improper privileges, a crash, or a shutdown by another method.
12:00:51  [Apache] 	Press the Logs button to view error logs and check
12:00:51  [Apache] 	the Windows Event Viewer for more clues
12:00:51  [Apache] 	If you need more help, copy and post this
12:00:51  [Apache] 	entire log window on the forums
12:00:57  [main] 	Deinitializing Modules
12:00:57  [main] 	Deinitializing Control Panel

12:06:25  [main] 	Initializing Control Panel
12:06:25  [main] 	Windows Version:  Enterprise  64-bit
12:06:25  [main] 	XAMPP Version: 7.2.10
12:06:25  [main] 	Control Panel Version: 3.2.2  [ Compiled: Nov 12th 2015 ]
12:06:25  [main] 	You are not running with administrator rights! This will work for
12:06:25  [main] 	most application stuff but whenever you do something with services
12:06:25  [main] 	there will be a security dialogue or things will break! So think 
12:06:25  [main] 	about running this application with administrator rights!
12:06:25  [main] 	XAMPP Installation Directory: "f:\xampp2\"
12:06:25  [main] 	Checking for prerequisites
12:06:25  [main] 	All prerequisites found
12:06:25  [main] 	Initializing Modules
12:06:25  [Tomcat] 	Problem detected: Tomcat Not Found!
12:06:25  [Tomcat] 	Disabling Tomcat buttons
12:06:25  [Tomcat] 	Run this program from your XAMPP root directory!
12:06:25  [main] 	Starting Check-Timer
12:06:25  [main] 	Control Panel Ready
12:06:45  [Apache] 	Attempting to start Apache app...
12:06:46  [Apache] 	Status change detected: running
12:07:54  [mysql] 	Attempting to start MySQL app...
12:07:55  [mysql] 	Status change detected: running
16:48:04  [mysql] 	Attempting to stop MySQL app...
16:48:06  [mysql] 	Status change detected: stopped
16:48:07  [Apache] 	Attempting to stop Apache (PID: 7184)
16:48:07  [Apache] 	Attempting to stop Apache (PID: 7372)
16:48:07  [Apache] 	Status change detected: stopped
16:48:10  [Apache] 	Problem detected!
16:48:10  [Apache] 	Port 80 in use by "Unable to get info" with PID 7184!
16:48:10  [Apache] 	Apache WILL NOT start without the configured ports free!
16:48:10  [Apache] 	You need to uninstall/disable/reconfigure the blocking application
16:48:10  [Apache] 	or reconfigure Apache and the Control Panel to listen on a different port
16:48:10  [Apache] 	Problem detected!
16:48:10  [Apache] 	Port 443 in use by "Unable to get info" with PID 7184!
16:48:10  [Apache] 	Apache WILL NOT start without the configured ports free!
16:48:10  [Apache] 	You need to uninstall/disable/reconfigure the blocking application
16:48:10  [Apache] 	or reconfigure Apache and the Control Panel to listen on a different port
16:48:10  [Apache] 	Attempting to start Apache app...
16:48:10  [Apache] 	Status change detected: running
16:48:11  [Apache] 	Status change detected: stopped
16:48:11  [Apache] 	Error: Apache shutdown unexpectedly.
16:48:11  [Apache] 	This may be due to a blocked port, missing dependencies, 
16:48:11  [Apache] 	improper privileges, a crash, or a shutdown by another method.
16:48:11  [Apache] 	Press the Logs button to view error logs and check
16:48:11  [Apache] 	the Windows Event Viewer for more clues
16:48:11  [Apache] 	If you need more help, copy and post this
16:48:11  [Apache] 	entire log window on the forums
16:48:20  [Apache] 	Attempting to start Apache app...
16:48:20  [Apache] 	Status change detected: running
16:48:23  [mysql] 	Attempting to start MySQL app...
16:48:24  [mysql] 	Status change detected: running
02:12:12  [Apache] 	Attempting to stop Apache (PID: 7204)
02:12:12  [Apache] 	Attempting to stop Apache (PID: 2044)
02:12:12  [Apache] 	Status change detected: stopped
02:12:14  [mysql] 	Attempting to stop MySQL app...
02:12:14  [mysql] 	Status change detected: stopped
02:12:20  [main] 	Deinitializing Modules
02:12:20  [main] 	Deinitializing Control Panel

11:04:35  [main] 	Initializing Control Panel
11:04:35  [main] 	Windows Version:  Enterprise  64-bit
11:04:35  [main] 	XAMPP Version: 7.2.10
11:04:35  [main] 	Control Panel Version: 3.2.2  [ Compiled: Nov 12th 2015 ]
11:04:35  [main] 	You are not running with administrator rights! This will work for
11:04:35  [main] 	most application stuff but whenever you do something with services
11:04:35  [main] 	there will be a security dialogue or things will break! So think 
11:04:35  [main] 	about running this application with administrator rights!
11:04:35  [main] 	XAMPP Installation Directory: "f:\xampp2\"
11:04:35  [main] 	Checking for prerequisites
11:04:45  [main] 	All prerequisites found
11:04:45  [main] 	Initializing Modules
11:04:45  [Tomcat] 	Problem detected: Tomcat Not Found!
11:04:45  [Tomcat] 	Disabling Tomcat buttons
11:04:45  [Tomcat] 	Run this program from your XAMPP root directory!
11:04:45  [main] 	Starting Check-Timer
11:04:45  [main] 	Control Panel Ready
11:04:52  [Apache] 	Attempting to start Apache app...
11:04:52  [Apache] 	Status change detected: running
11:04:56  [mysql] 	Attempting to start MySQL app...
11:05:10  [mysql] 	Status change detected: running
11:05:31  [mysql] 	Attempting to stop MySQL app...
11:05:40  [mysql] 	Status change detected: stopped
11:16:22  [mysql] 	Attempting to start MySQL app...
11:16:32  [mysql] 	Status change detected: running
14:39:33  [mysql] 	Attempting to stop MySQL app...
14:39:33  [mysql] 	Status change detected: stopped
14:39:34  [Apache] 	Attempting to stop Apache (PID: 15524)
14:39:34  [Apache] 	Attempting to stop Apache (PID: 17216)
14:39:34  [Apache] 	Status change detected: stopped
23:22:14  [main] 	Deinitializing Modules
23:22:14  [main] 	Deinitializing Control Panel

13:20:50  [main] 	Initializing Control Panel
13:20:50  [main] 	Windows Version:  Enterprise  64-bit
13:20:50  [main] 	XAMPP Version: 7.2.10
13:20:50  [main] 	Control Panel Version: 3.2.2  [ Compiled: Nov 12th 2015 ]
13:20:50  [main] 	You are not running with administrator rights! This will work for
13:20:50  [main] 	most application stuff but whenever you do something with services
13:20:50  [main] 	there will be a security dialogue or things will break! So think 
13:20:50  [main] 	about running this application with administrator rights!
13:20:50  [main] 	XAMPP Installation Directory: "d:\xampp2\"
13:20:50  [main] 	Checking for prerequisites
13:20:51  [main] 	All prerequisites found
13:20:51  [main] 	Initializing Modules
13:20:51  [Tomcat] 	Problem detected: Tomcat Not Found!
13:20:51  [Tomcat] 	Disabling Tomcat buttons
13:20:51  [Tomcat] 	Run this program from your XAMPP root directory!
13:20:51  [main] 	Starting Check-Timer
13:20:51  [main] 	Control Panel Ready
13:21:19  [Apache] 	Attempting to start Apache app...
13:21:20  [Apache] 	Status change detected: running
13:21:20  [Apache] 	Status change detected: stopped
13:21:20  [Apache] 	Error: Apache shutdown unexpectedly.
13:21:20  [Apache] 	This may be due to a blocked port, missing dependencies, 
13:21:20  [Apache] 	improper privileges, a crash, or a shutdown by another method.
13:21:20  [Apache] 	Press the Logs button to view error logs and check
13:21:20  [Apache] 	the Windows Event Viewer for more clues
13:21:20  [Apache] 	If you need more help, copy and post this
13:21:20  [Apache] 	entire log window on the forums
13:21:23  [main] 	Deinitializing Modules
13:21:23  [main] 	Deinitializing Control Panel

13:42:54  [main] 	Initializing Control Panel
13:42:54  [main] 	Windows Version:  Enterprise  64-bit
13:42:54  [main] 	XAMPP Version: 7.2.10
13:42:54  [main] 	Control Panel Version: 3.2.2  [ Compiled: Nov 12th 2015 ]
13:42:54  [main] 	You are not running with administrator rights! This will work for
13:42:54  [main] 	most application stuff but whenever you do something with services
13:42:54  [main] 	there will be a security dialogue or things will break! So think 
13:42:54  [main] 	about running this application with administrator rights!
13:42:54  [main] 	XAMPP Installation Directory: "d:\xampp2\"
13:42:54  [main] 	Checking for prerequisites
13:42:54  [main] 	All prerequisites found
13:42:54  [main] 	Initializing Modules
13:42:54  [Tomcat] 	Problem detected: Tomcat Not Found!
13:42:54  [Tomcat] 	Disabling Tomcat buttons
13:42:54  [Tomcat] 	Run this program from your XAMPP root directory!
13:42:54  [main] 	Starting Check-Timer
13:42:54  [main] 	Control Panel Ready
13:42:57  [Apache] 	Attempting to start Apache app...
13:42:57  [Apache] 	Status change detected: running
13:43:05  [mysql] 	Attempting to start MySQL app...
13:43:13  [mysql] 	Status change detected: running
15:49:17  [mysql] 	Attempting to stop MySQL app...
15:49:17  [mysql] 	Status change detected: stopped
15:49:19  [Apache] 	Attempting to stop Apache (PID: 13000)
15:49:20  [Apache] 	Attempting to stop Apache (PID: 4580)
15:49:20  [Apache] 	Status change detected: stopped
15:49:24  [main] 	Deinitializing Modules
15:49:24  [main] 	Deinitializing Control Panel

08:57:08  [main] 	Initializing Control Panel
08:57:08  [main] 	Windows Version:  Enterprise  64-bit
08:57:08  [main] 	XAMPP Version: 7.2.10
08:57:08  [main] 	Control Panel Version: 3.2.2  [ Compiled: Nov 12th 2015 ]
08:57:08  [main] 	You are not running with administrator rights! This will work for
08:57:08  [main] 	most application stuff but whenever you do something with services
08:57:08  [main] 	there will be a security dialogue or things will break! So think 
08:57:08  [main] 	about running this application with administrator rights!
08:57:08  [main] 	XAMPP Installation Directory: "f:\xampp2\"
08:57:08  [main] 	Checking for prerequisites
08:57:18  [main] 	All prerequisites found
08:57:18  [main] 	Initializing Modules
08:57:18  [Tomcat] 	Problem detected: Tomcat Not Found!
08:57:18  [Tomcat] 	Disabling Tomcat buttons
08:57:18  [Tomcat] 	Run this program from your XAMPP root directory!
08:57:18  [main] 	Starting Check-Timer
08:57:18  [main] 	Control Panel Ready
08:57:35  [Apache] 	Attempting to start Apache app...
08:57:35  [Apache] 	Status change detected: running
08:57:42  [mysql] 	Attempting to start MySQL app...
08:57:46  [mysql] 	Status change detected: running
09:42:57  [main] 	Deinitializing Modules
09:42:57  [main] 	Deinitializing Control Panel

09:43:20  [main] 	Initializing Control Panel
09:43:20  [main] 	Windows Version:  Enterprise  64-bit
09:43:20  [main] 	XAMPP Version: 7.2.10
09:43:20  [main] 	Control Panel Version: 3.2.2  [ Compiled: Nov 12th 2015 ]
09:43:20  [main] 	You are not running with administrator rights! This will work for
09:43:20  [main] 	most application stuff but whenever you do something with services
09:43:20  [main] 	there will be a security dialogue or things will break! So think 
09:43:20  [main] 	about running this application with administrator rights!
09:43:20  [main] 	XAMPP Installation Directory: "f:\xampp2\"
09:43:20  [main] 	Checking for prerequisites
09:43:20  [main] 	All prerequisites found
09:43:20  [main] 	Initializing Modules
09:43:20  [Apache] 	XAMPP Apache is already running on port 80
09:43:20  [Apache] 	XAMPP Apache is already running on port 443
09:43:20  [mysql] 	XAMPP MySQL is already running on port 3306
09:43:20  [Tomcat] 	Problem detected: Tomcat Not Found!
09:43:20  [Tomcat] 	Disabling Tomcat buttons
09:43:20  [Tomcat] 	Run this program from your XAMPP root directory!
09:43:20  [main] 	Starting Check-Timer
09:43:20  [main] 	Control Panel Ready
09:43:50  [mysql] 	Attempting to stop MySQL app...
09:43:52  [mysql] 	Status change detected: stopped
09:43:57  [Apache] 	Attempting to stop Apache (PID: 10064)
09:43:57  [Apache] 	Attempting to stop Apache (PID: 9148)
09:43:58  [Apache] 	Status change detected: stopped
09:43:59  [main] 	Deinitializing Modules
09:43:59  [main] 	Deinitializing Control Panel

09:44:24  [main] 	Initializing Control Panel
09:44:24  [main] 	Windows Version:  Enterprise  64-bit
09:44:24  [main] 	XAMPP Version: 7.2.10
09:44:24  [main] 	Control Panel Version: 3.2.2  [ Compiled: Nov 12th 2015 ]
09:44:24  [main] 	You are not running with administrator rights! This will work for
09:44:24  [main] 	most application stuff but whenever you do something with services
09:44:24  [main] 	there will be a security dialogue or things will break! So think 
09:44:24  [main] 	about running this application with administrator rights!
09:44:24  [main] 	XAMPP Installation Directory: "f:\xampp2\"
09:44:24  [main] 	Checking for prerequisites
09:44:24  [main] 	All prerequisites found
09:44:24  [main] 	Initializing Modules
09:44:24  [Tomcat] 	Problem detected: Tomcat Not Found!
09:44:24  [Tomcat] 	Disabling Tomcat buttons
09:44:24  [Tomcat] 	Run this program from your XAMPP root directory!
09:44:24  [main] 	Starting Check-Timer
09:44:24  [main] 	Control Panel Ready
09:44:32  [Apache] 	Attempting to start Apache app...
09:44:33  [Apache] 	Status change detected: running
09:45:32  [mysql] 	Attempting to start MySQL app...
09:45:32  [mysql] 	Status change detected: running
15:17:45  [mysql] 	Attempting to stop MySQL app...
15:17:46  [mysql] 	Status change detected: stopped
15:17:46  [Apache] 	Attempting to stop Apache (PID: 6332)
15:17:46  [Apache] 	Attempting to stop Apache (PID: 18052)
15:17:47  [Apache] 	Status change detected: stopped
15:17:53  [main] 	Deinitializing Modules
15:17:53  [main] 	Deinitializing Control Panel

17:01:11  [main] 	Initializing Control Panel
17:01:11  [main] 	Windows Version:  Enterprise  64-bit
17:01:11  [main] 	XAMPP Version: 7.2.10
17:01:11  [main] 	Control Panel Version: 3.2.2  [ Compiled: Nov 12th 2015 ]
17:01:11  [main] 	You are not running with administrator rights! This will work for
17:01:11  [main] 	most application stuff but whenever you do something with services
17:01:11  [main] 	there will be a security dialogue or things will break! So think 
17:01:11  [main] 	about running this application with administrator rights!
17:01:11  [main] 	XAMPP Installation Directory: "f:\xampp2\"
17:01:11  [main] 	Checking for prerequisites
17:01:16  [main] 	All prerequisites found
17:01:16  [main] 	Initializing Modules
17:01:16  [Tomcat] 	Problem detected: Tomcat Not Found!
17:01:16  [Tomcat] 	Disabling Tomcat buttons
17:01:16  [Tomcat] 	Run this program from your XAMPP root directory!
17:01:16  [main] 	Starting Check-Timer
17:01:16  [main] 	Control Panel Ready
17:01:20  [Apache] 	Attempting to start Apache app...
17:01:22  [Apache] 	Status change detected: running
17:01:22  [mysql] 	Attempting to start MySQL app...
17:01:33  [mysql] 	Status change detected: running
17:59:41  [mysql] 	Attempting to stop MySQL app...
17:59:43  [mysql] 	Status change detected: stopped
18:03:45  [mysql] 	Attempting to start MySQL app...
18:03:45  [mysql] 	Status change detected: running
18:44:51  [mysql] 	Attempting to stop MySQL app...
18:44:52  [mysql] 	Status change detected: stopped
18:44:53  [Apache] 	Attempting to stop Apache (PID: 19816)
18:44:53  [Apache] 	Attempting to stop Apache (PID: 6680)
18:44:53  [Apache] 	Status change detected: stopped
18:44:55  [main] 	Deinitializing Modules
18:44:55  [main] 	Deinitializing Control Panel

13:45:49  [main] 	Initializing Control Panel
13:45:49  [main] 	Windows Version:  Enterprise  64-bit
13:45:49  [main] 	XAMPP Version: 7.2.10
13:45:49  [main] 	Control Panel Version: 3.2.2  [ Compiled: Nov 12th 2015 ]
13:45:49  [main] 	You are not running with administrator rights! This will work for
13:45:49  [main] 	most application stuff but whenever you do something with services
13:45:49  [main] 	there will be a security dialogue or things will break! So think 
13:45:49  [main] 	about running this application with administrator rights!
13:45:49  [main] 	XAMPP Installation Directory: "f:\xampp2\"
13:45:49  [main] 	Checking for prerequisites
13:45:50  [main] 	All prerequisites found
13:45:50  [main] 	Initializing Modules
13:45:50  [Tomcat] 	Problem detected: Tomcat Not Found!
13:45:50  [Tomcat] 	Disabling Tomcat buttons
13:45:50  [Tomcat] 	Run this program from your XAMPP root directory!
13:45:50  [main] 	Starting Check-Timer
13:45:50  [main] 	Control Panel Ready
13:45:52  [Apache] 	Attempting to start Apache app...
13:45:52  [Apache] 	Status change detected: running
13:45:54  [mysql] 	Attempting to start MySQL app...
13:45:55  [mysql] 	Status change detected: running
18:36:42  [mysql] 	Attempting to stop MySQL app...
18:36:44  [mysql] 	Status change detected: stopped
18:36:44  [Apache] 	Attempting to stop Apache (PID: 13708)
18:36:44  [Apache] 	Attempting to stop Apache (PID: 15060)
18:36:45  [Apache] 	Status change detected: stopped
18:36:48  [main] 	Deinitializing Modules
18:36:48  [main] 	Deinitializing Control Panel

15:40:58  [main] 	Initializing Control Panel
15:40:58  [main] 	Windows Version:  Enterprise  64-bit
15:40:58  [main] 	XAMPP Version: 7.2.10
15:40:58  [main] 	Control Panel Version: 3.2.2  [ Compiled: Nov 12th 2015 ]
15:40:58  [main] 	You are not running with administrator rights! This will work for
15:40:58  [main] 	most application stuff but whenever you do something with services
15:40:58  [main] 	there will be a security dialogue or things will break! So think 
15:40:58  [main] 	about running this application with administrator rights!
15:40:58  [main] 	XAMPP Installation Directory: "f:\xampp2\"
15:40:58  [main] 	Checking for prerequisites
15:40:58  [main] 	All prerequisites found
15:40:58  [main] 	Initializing Modules
15:40:58  [Tomcat] 	Problem detected: Tomcat Not Found!
15:40:58  [Tomcat] 	Disabling Tomcat buttons
15:40:58  [Tomcat] 	Run this program from your XAMPP root directory!
15:40:58  [main] 	Starting Check-Timer
15:40:58  [main] 	Control Panel Ready
15:44:50  [Apache] 	Attempting to start Apache app...
15:44:51  [Apache] 	Status change detected: running
15:44:52  [mysql] 	Attempting to start MySQL app...
15:44:59  [mysql] 	Status change detected: running
18:55:56  [Apache] 	Attempting to stop Apache (PID: 2352)
18:55:56  [Apache] 	Attempting to stop Apache (PID: 10480)
18:55:57  [Apache] 	Status change detected: stopped
18:55:57  [mysql] 	Attempting to stop MySQL app...
18:55:58  [mysql] 	Status change detected: stopped
18:57:28  [main] 	Deinitializing Modules
18:57:28  [main] 	Deinitializing Control Panel

